<?xml version="1.0" encoding="UTF-8"?>
<!-- Generated by org.testng.reporters.JUnitXMLReporter -->
<testsuite ignored="0" hostname="Ivaylos-MacBook-Air.local" failures="0" tests="2" name="Surefire test" time="0.265" errors="0" timestamp="2023-05-02T02:31:21 EEST">
  <testcase classname="org.scalefocus.service.UserServiceTest" name="testCreateUser_Throws_When_UsernameLengthIsUnderMinLength on testCreateUser_Throws_When_UsernameLengthIsUnderMinLength(org.scalefocus.service.UserServiceTest)" time="0.229"/>
  <testcase classname="org.scalefocus.service.UserServiceTest" name="testCreateUser_Works_Properly on testCreateUser_Works_Properly(org.scalefocus.service.UserServiceTest)" time="0.243"/>
</testsuite> <!-- Surefire test -->
