<?xml version="1.0" encoding="UTF-8"?>
<testsuite xmlns:xsi="http://www.w3.org/2001/XMLSchema-instance" xsi:noNamespaceSchemaLocation="https://maven.apache.org/surefire/maven-surefire-plugin/xsd/surefire-test-report.xsd" name="org.scalefocus.service.UserServiceTest" time="0.492" tests="2" errors="0" skipped="0" failures="0">
  <properties>
[...]
</properties>
  <testcase name="testCreateUser_Throws_When_UsernameLengthIsUnderMinLength on testCreateUser_Throws_When_UsernameLengthIsUnderMinLength(org.scalefocus.service.UserServiceTest)" classname="org.scalefocus.service.UserServiceTest" time="0.068"/>
  <testcase name="testCreateUser_Works_Properly on testCreateUser_Works_Properly(org.scalefocus.service.UserServiceTest)" classname="org.scalefocus.service.UserServiceTest" time="0.003"/>
</testsuite>